# JRE version: Java(TM) SE Runtime Environment (8.0_101-b13) (build 1.8.0_101-b13)
# Java VM: Java HotSpot(TM) 64-Bit Server VM (25.101-b13 mixed mode windows-amd64 compressed oops)
Heap:
 PSYoungGen      total 270848K, used 230269K [0x000000076b580000, 0x0000000785700000, 0x00000007c0000000)
  eden space 259072K, 88% used [0x000000076b580000,0x000000077965f508,0x000000077b280000)
  from space 11776K, 0% used [0x000000077b280000,0x000000077b280000,0x000000077be00000)
  to   space 14848K, 0% used [0x0000000784880000,0x0000000784880000,0x0000000785700000)
 ParOldGen       total 171520K, used 22424K [0x00000006c2000000, 0x00000006cc780000, 0x000000076b580000)
  object space 171520K, 13% used [0x00000006c2000000,0x00000006c35e6228,0x00000006cc780000)
 Metaspace       used 44734K, capacity 45150K, committed 45696K, reserved 1089536K
  class space    used 5817K, capacity 5935K, committed 6016K, reserved 1048576K
GC Heap History (10 events):
Event: 2.264 GC heap before
{Heap before GC invocations=5 (full 0):
 PSYoungGen      total 140800K, used 138613K [0x000000076b580000, 0x0000000774980000, 0x00000007c0000000)
  eden space 130048K, 100% used [0x000000076b580000,0x0000000773480000,0x0000000773480000)
  from space 10752K, 79% used [0x0000000773f00000,0x000000077475d4e0,0x0000000774980000)
  to   space 10752K, 0% used [0x0000000773480000,0x0000000773480000,0x0000000773f00000)
 ParOldGen       total 173568K, used 104K [0x00000006c2000000, 0x00000006cc980000, 0x000000076b580000)
  object space 173568K, 0% used [0x00000006c2000000,0x00000006c201a010,0x00000006cc980000)
 Metaspace       used 16875K, capacity 17018K, committed 17280K, reserved 1064960K
  class space    used 2111K, capacity 2155K, committed 2176K, reserved 1048576K
Event: 2.272 GC heap after
Heap after GC invocations=5 (full 0):
 PSYoungGen      total 140800K, used 9725K [0x000000076b580000, 0x000000077c880000, 0x00000007c0000000)
  eden space 130048K, 0% used [0x000000076b580000,0x000000076b580000,0x0000000773480000)
  from space 10752K, 90% used [0x0000000773480000,0x0000000773dff6a8,0x0000000773f00000)
  to   space 10752K, 0% used [0x000000077be00000,0x000000077be00000,0x000000077c880000)
 ParOldGen       total 173568K, used 112K [0x00000006c2000000, 0x00000006cc980000, 0x000000076b580000)
  object space 173568K, 0% used [0x00000006c2000000,0x00000006c201c010,0x00000006cc980000)
 Metaspace       used 16875K, capacity 17018K, committed 17280K, reserved 1064960K
  class space    used 2111K, capacity 2155K, committed 2176K, reserved 1048576K
}
Event: 2.711 GC heap before
{Heap before GC invocations=6 (full 0):
 PSYoungGen      total 140800K, used 69331K [0x000000076b580000, 0x000000077c880000, 0x00000007c0000000)
  eden space 130048K, 45% used [0x000000076b580000,0x000000076efb56a0,0x0000000773480000)
  from space 10752K, 90% used [0x0000000773480000,0x0000000773dff6a8,0x0000000773f00000)
  to   space 10752K, 0% used [0x000000077be00000,0x000000077be00000,0x000000077c880000)
 ParOldGen       total 173568K, used 112K [0x00000006c2000000, 0x00000006cc980000, 0x000000076b580000)
  object space 173568K, 0% used [0x00000006c2000000,0x00000006c201c010,0x00000006cc980000)
 Metaspace       used 20967K, capacity 21078K, committed 21296K, reserved 1069056K
  class space    used 2651K, capacity 2672K, committed 2688K, reserved 1048576K
Event: 2.720 GC heap after
Heap after GC invocations=6 (full 0):
 PSYoungGen      total 269824K, used 10053K [0x000000076b580000, 0x000000077ca80000, 0x00000007c0000000)
  eden space 259072K, 0% used [0x000000076b580000,0x000000076b580000,0x000000077b280000)
  from space 10752K, 93% used [0x000000077be00000,0x000000077c7d17c8,0x000000077c880000)
  to   space 11776K, 0% used [0x000000077b280000,0x000000077b280000,0x000000077be00000)
 ParOldGen       total 173568K, used 120K [0x00000006c2000000, 0x00000006cc980000, 0x000000076b580000)
  object space 173568K, 0% used [0x00000006c2000000,0x00000006c201e010,0x00000006cc980000)
 Metaspace       used 20967K, capacity 21078K, committed 21296K, reserved 1069056K
  class space    used 2651K, capacity 2672K, committed 2688K, reserved 1048576K
}
Event: 2.720 GC heap before
{Heap before GC invocations=7 (full 1):
 PSYoungGen      total 269824K, used 10053K [0x000000076b580000, 0x000000077ca80000, 0x00000007c0000000)
  eden space 259072K, 0% used [0x000000076b580000,0x000000076b580000,0x000000077b280000)
  from space 10752K, 93% used [0x000000077be00000,0x000000077c7d17c8,0x000000077c880000)
  to   space 11776K, 0% used [0x000000077b280000,0x000000077b280000,0x000000077be00000)
 ParOldGen       total 173568K, used 120K [0x00000006c2000000, 0x00000006cc980000, 0x000000076b580000)
  object space 173568K, 0% used [0x00000006c2000000,0x00000006c201e010,0x00000006cc980000)
 Metaspace       used 20967K, capacity 21078K, committed 21296K, reserved 1069056K
  class space    used 2651K, capacity 2672K, committed 2688K, reserved 1048576K
Event: 2.754 GC heap after
Heap after GC invocations=7 (full 1):
 PSYoungGen      total 269824K, used 0K [0x000000076b580000, 0x000000077ca80000, 0x00000007c0000000)
  eden space 259072K, 0% used [0x000000076b580000,0x000000076b580000,0x000000077b280000)
  from space 10752K, 0% used [0x000000077be00000,0x000000077be00000,0x000000077c880000)
  to   space 11776K, 0% used [0x000000077b280000,0x000000077b280000,0x000000077be00000)
 ParOldGen       total 103936K, used 9873K [0x00000006c2000000, 0x00000006c8580000, 0x000000076b580000)
  object space 103936K, 9% used [0x00000006c2000000,0x00000006c29a46d0,0x00000006c8580000)
 Metaspace       used 20967K, capacity 21078K, committed 21296K, reserved 1069056K
  class space    used 2651K, capacity 2672K, committed 2688K, reserved 1048576K
}
Event: 4.133 GC heap before
{Heap before GC invocations=8 (full 1):
 PSYoungGen      total 269824K, used 141849K [0x000000076b580000, 0x000000077ca80000, 0x00000007c0000000)
  eden space 259072K, 54% used [0x000000076b580000,0x0000000774006740,0x000000077b280000)
  from space 10752K, 0% used [0x000000077be00000,0x000000077be00000,0x000000077c880000)
  to   space 11776K, 0% used [0x000000077b280000,0x000000077b280000,0x000000077be00000)
 ParOldGen       total 103936K, used 9873K [0x00000006c2000000, 0x00000006c8580000, 0x000000076b580000)
  object space 103936K, 9% used [0x00000006c2000000,0x00000006c29a46d0,0x00000006c8580000)
 Metaspace       used 34833K, capacity 35102K, committed 35456K, reserved 1079296K
  class space    used 4551K, capacity 4619K, committed 4736K, reserved 1048576K
Event: 4.145 GC heap after
Heap after GC invocations=8 (full 1):
 PSYoungGen      total 270848K, used 11746K [0x000000076b580000, 0x0000000785700000, 0x00000007c0000000)
  eden space 259072K, 0% used [0x000000076b580000,0x000000076b580000,0x000000077b280000)
  from space 11776K, 99% used [0x000000077b280000,0x000000077bdf8a78,0x000000077be00000)
  to   space 14848K, 0% used [0x0000000784880000,0x0000000784880000,0x0000000785700000)
 ParOldGen       total 103936K, used 13616K [0x00000006c2000000, 0x00000006c8580000, 0x000000076b580000)
  object space 103936K, 13% used [0x00000006c2000000,0x00000006c2d4c348,0x00000006c8580000)
 Metaspace       used 34833K, capacity 35102K, committed 35456K, reserved 1079296K
  class space    used 4551K, capacity 4619K, committed 4736K, reserved 1048576K
}
Event: 4.145 GC heap before
{Heap before GC invocations=9 (full 2):
 PSYoungGen      total 270848K, used 11746K [0x000000076b580000, 0x0000000785700000, 0x00000007c0000000)
  eden space 259072K, 0% used [0x000000076b580000,0x000000076b580000,0x000000077b280000)
  from space 11776K, 99% used [0x000000077b280000,0x000000077bdf8a78,0x000000077be00000)
  to   space 14848K, 0% used [0x0000000784880000,0x0000000784880000,0x0000000785700000)
 ParOldGen       total 103936K, used 13616K [0x00000006c2000000, 0x00000006c8580000, 0x000000076b580000)
  object space 103936K, 13% used [0x00000006c2000000,0x00000006c2d4c348,0x00000006c8580000)
 Metaspace       used 34833K, capacity 35102K, committed 35456K, reserved 1079296K
  class space    used 4551K, capacity 4619K, committed 4736K, reserved 1048576K
Event: 4.180 GC heap after
Heap after GC invocations=9 (full 2):
 PSYoungGen      total 270848K, used 0K [0x000000076b580000, 0x0000000785700000, 0x00000007c0000000)
  eden space 259072K, 0% used [0x000000076b580000,0x000000076b580000,0x000000077b280000)
  from space 11776K, 0% used [0x000000077b280000,0x000000077b280000,0x000000077be00000)
  to   space 14848K, 0% used [0x0000000784880000,0x0000000784880000,0x0000000785700000)
 ParOldGen       total 171520K, used 22424K [0x00000006c2000000, 0x00000006cc780000, 0x000000076b580000)
  object space 171520K, 13% used [0x00000006c2000000,0x00000006c35e6228,0x00000006cc780000)
 Metaspace       used 34833K, capacity 35102K, committed 35456K, reserved 1079296K
  class space    used 4551K, capacity 4619K, committed 4736K, reserved 1048576K
}

